<?xml version="1.0" encoding="UTF-8"?>
<testsuites tests="73" failures="0" disabled="0" errors="0" timestamp="2018-03-06T22:05:44" time="2.932" name="AllTests">
  <testsuite name="JsonDocTests" tests="73" failures="0" disabled="0" errors="0" time="2.893">
    <testcase name="WhenDefaultDocIsCreatedExpectItToBeValid" status="run" time="0" classname="JsonDocTests" />
    <testcase name="WhenDefaultDocIsCreatedExpectDocToBeEmpty" status="run" time="0" classname="JsonDocTests" />
    <testcase name="WhenConvertingDefaultDocToJsonExpectStringOfEmptyObject" status="run" time="0" classname="JsonDocTests" />
    <testcase name="WhenDocIsInvalidExpectConversionStringToBeEmpty" status="run" time="0.003" classname="JsonDocTests" />
    <testcase name="WhenDocIsInitializedWithEmptyStringExpectDocToBeInvalid" status="run" time="0.001" classname="JsonDocTests" />
    <testcase name="WhenDocIsInitializedWithEmptyObjectStringExpectDocToBeEmpty" status="run" time="0.007" classname="JsonDocTests" />
    <testcase name="WhenDocIsInitializedWithNonEmptyObjectStringExpectDocToBeNotEmpty" status="run" time="0.025" classname="JsonDocTests" />
    <testcase name="WhenStringObjectIsMissingLeftBraceExpectDocToBeInvalid" status="run" time="0.003" classname="JsonDocTests" />
    <testcase name="WhenJsonStringIsMissingRightBraceExpectDocToBeInvalid" status="run" time="0.003" classname="JsonDocTests" />
    <testcase name="WhenJsonStringIsMissingKeyNameExpectDocToBeInvalid" status="run" time="0.005" classname="JsonDocTests" />
    <testcase name="WhenJsonStringIsMissingValueExpectDocToBeInvalid" status="run" time="0.023" classname="JsonDocTests" />
    <testcase name="WhenJsonStringIsMissingColonBetweenKeyAndValueExpectDocToBeInvalid" status="run" time="0.014" classname="JsonDocTests" />
    <testcase name="WhenJsonStringHasDoubleTypeAsKeyExpectDocToBeInvalid" status="run" time="0.011" classname="JsonDocTests" />
    <testcase name="WhenJsonStringHasLiteralTrueAsKeyExpectDocToBeInvalid" status="run" time="0.011" classname="JsonDocTests" />
    <testcase name="WhenJsonStringHasLiteralFalseAsKeyExpectDocToBeInvalid" status="run" time="0.015" classname="JsonDocTests" />
    <testcase name="WhenJsonStringHasLiteralNullAsKeyExpectDocToBeInvalid" status="run" time="0.011" classname="JsonDocTests" />
    <testcase name="WhenJsonStringHasObjectAsKeyExpectDocToBeInvalid" status="run" time="0.006" classname="JsonDocTests" />
    <testcase name="WhenJsonStringHasArrayAsKeyExpectDocToBeInvalid" status="run" time="0.006" classname="JsonDocTests" />
    <testcase name="WhenJsonStringIsMissingCommaBetweenMembersExpectDocToBeInvalid" status="run" time="0.031" classname="JsonDocTests" />
    <testcase name="WhenJsonStringDoesNotUseCommaBetweenMembersExpectDocToBeInvalid" status="run" time="0.031" classname="JsonDocTests" />
    <testcase name="WhenArrayInJsonStringIsMissingLeftBracketExpectDocToBeInvalid" status="run" time="0.03" classname="JsonDocTests" />
    <testcase name="WhenArrayInJsonStringIsMissingRightBracketExpectDocToBeInvalid" status="run" time="0.036" classname="JsonDocTests" />
    <testcase name="WhenArrayInJsonStringIsMissingCommaBetweenValuesExpectDocToBeInvalid" status="run" time="0.034" classname="JsonDocTests" />
    <testcase name="WhenArrayInJsonStringDoesNotUseCommaBetweenValuesExpectDocToBeInvalid" status="run" time="0.034" classname="JsonDocTests" />
    <testcase name="WhenParsingStringWithMoreThanOneRootObjectExpectDocToBeInvalid" status="run" time="0.026" classname="JsonDocTests" />
    <testcase name="WhenParsingStringWithMoreThanOneRootObjectExpectDocToBeEmpty" status="run" time="0.025" classname="JsonDocTests" />
    <testcase name="WhenParsingStringWithMoreThanOneRootObjectExpectConversionStringToBeEmpty" status="run" time="0" classname="JsonDocTests" />
    <testcase name="WhenSwappingTwoDocsExpectTheContentsOfEachDocToTransferToTheOtherDoc" status="run" time="0.048" classname="JsonDocTests" />
    <testcase name="WhenResettingDocExpectDocToBeEmpty" status="run" time="0.026" classname="JsonDocTests" />
    <testcase name="WhenResettingDocExpectDocToBeValid" status="run" time="0.021" classname="JsonDocTests" />
    <testcase name="WhenConvertingResetDocToJsonExpectStringOfEmptyObject" status="run" time="0.019" classname="JsonDocTests" />
    <testcase name="WhenModifyingCopyOfDocExpectOriginalDocToRetainState" status="run" time="0.027" classname="JsonDocTests" />
    <testcase name="WhenCreatingCopyOfDocExpectBothDocsToContainSameState" status="run" time="0.023" classname="JsonDocTests" />
    <testcase name="WhenModifyingCopyAssignedDocExpectOriginalDocToRetainState" status="run" time="0.019" classname="JsonDocTests" />
    <testcase name="WhenCopyAssigningExpectBothDocsToContainSameState" status="run" time="0.02" classname="JsonDocTests" />
    <testcase name="WhenMoveConstructingExpectOriginalDocToBeEmptyAfterwards" status="run" time="0.022" classname="JsonDocTests" />
    <testcase name="WhenMoveConstructingExpectOriginalDocToBeValidAfterwards" status="run" time="0.019" classname="JsonDocTests" />
    <testcase name="WhenMoveConstructingExpectStateOfOriginalDocToMoveToNewDoc" status="run" time="0.043" classname="JsonDocTests" />
    <testcase name="WhenMoveAssigningExpectOriginalDocToBeEmptyAfterwards" status="run" time="0.019" classname="JsonDocTests" />
    <testcase name="WhenMoveAssigningExpectOriginalDocToBeValidAfterwards" status="run" time="0.023" classname="JsonDocTests" />
    <testcase name="WhenMoveAssigningExpectStateOfOriginalDocToMoveToNewDoc" status="run" time="0.046" classname="JsonDocTests" />
    <testcase name="WhenInitializingDocWithStringThenConvertingDocToJsonExpectStringContainingEmptyObject" status="run" time="0.006" classname="JsonDocTests" />
    <testcase name="WhenInitializingDocWithStringThenConvertingDocToJsonExpectStringContainingDoubleValue" status="run" time="0.026" classname="JsonDocTests" />
    <testcase name="WhenInitializingDocWithStringThenConvertingDocToJsonExpectStringContainingLiteralTrueValue" status="run" time="0.037" classname="JsonDocTests" />
    <testcase name="WhenInitializingDocWithStringThenConvertingDocToJsonExpectStringContainingLiteralFalseValue" status="run" time="0.032" classname="JsonDocTests" />
    <testcase name="WhenInitializingDocWithStringThenConvertingDocToJsonExpectStringContainingLiteralNullValue" status="run" time="0.025" classname="JsonDocTests" />
    <testcase name="WhenInitializingDocWithStringThenConvertingDocToJsonExpectStringContainingStringValue" status="run" time="0.046" classname="JsonDocTests" />
    <testcase name="WhenInitializingDocWithStringThenConvertingDocToJsonExpectStringContainingObjectValueWithNoMembers" status="run" time="0.021" classname="JsonDocTests" />
    <testcase name="WhenInitializingDocWithStringThenConvertingDocToJsonExpectStringContainingObjectValueWithOneMember" status="run" time="0.054" classname="JsonDocTests" />
    <testcase name="WhenInitializingDocWithStringThenConvertingDocToJsonExpectStringContainingObjectValueWithMultipleMembers" status="run" time="0.126" classname="JsonDocTests" />
    <testcase name="WhenInitializingDocWithStringThenConvertingDocToJsonExpectStringContainingArrayValueWithNoElements" status="run" time="0.046" classname="JsonDocTests" />
    <testcase name="WhenInitializingDocWithStringThenConvertingDocToJsonExpectStringContainingArrayValueWithOneElement" status="run" time="0.03" classname="JsonDocTests" />
    <testcase name="WhenInitializingDocWithStringThenConvertingDocToJsonExpectStringContainingArrayValueWithMultipleElements" status="run" time="0.049" classname="JsonDocTests" />
    <testcase name="WhenInitializingDocWithStringThenConvertingDocToJsonExpectStringContainingArrayValueWithStringNumberBoolNullObjectAndArrayElements" status="run" time="0.088" classname="JsonDocTests" />
    <testcase name="WhenInitializingDocWithStringThenConvertingDocToJsonExpectStringContainingArrayValueOfStrings" status="run" time="0.047" classname="JsonDocTests" />
    <testcase name="WhenInitializingDocWithStringThenConvertingDocToJsonExpectStringContainingArrayValueOfDoubles" status="run" time="0.037" classname="JsonDocTests" />
    <testcase name="WhenInitializingDocWithStringThenConvertingDocToJsonExpectStringContainingArrayValueOfBools" status="run" time="0.05" classname="JsonDocTests" />
    <testcase name="WhenInitializingDocWithStringThenConvertingDocToJsonExpectStringContainingArrayValueOfNulls" status="run" time="0.04" classname="JsonDocTests" />
    <testcase name="WhenInitializingDocWithStringThenConvertingDocToJsonExpectStringContainingArrayValueOfArrays" status="run" time="0.039" classname="JsonDocTests" />
    <testcase name="WhenInitializingDocWithStringThenConvertingDocToJsonExpectStringContainingArrayValueOfObjects" status="run" time="0.047" classname="JsonDocTests" />
    <testcase name="WhenInitializingDocWithEmptyObjectExpectDocToBeValid" status="run" time="0" classname="JsonDocTests" />
    <testcase name="WhenInitializingDocWithEmptyObjectExpectDocToBeEmpty" status="run" time="0" classname="JsonDocTests" />
    <testcase name="WhenInitializingDocWithNonEmptyObjectExpectDocToBeNotEmpty" status="run" time="0" classname="JsonDocTests" />
    <testcase name="WhenInitializingDocWithEmptyObjectThenConvertingDocToJsonExpectEmptyObjectString" status="run" time="0" classname="JsonDocTests" />
    <testcase name="WhenInitializingDocWithObjectThenConvertingDocToJsonExpectStringContainingDoubleValue" status="run" time="0" classname="JsonDocTests" />
    <testcase name="WhenInitializingDocWithObjectThenConvertingDocToJsonExpectStringContainingLiteralTrueValue" status="run" time="0" classname="JsonDocTests" />
    <testcase name="WhenInitializingDocWithObjectThenConvertingDocToJsonExpectStringContainingLiteralFalseValue" status="run" time="0.001" classname="JsonDocTests" />
    <testcase name="WhenInitializingDocWithObjectThenConvertingDocToJsonExpectStringContainingLiteralNullValue" status="run" time="0" classname="JsonDocTests" />
    <testcase name="WhenInitializingDocWithObjectThenConvertingDocToJsonExpectStringContainingStringValue" status="run" time="0.001" classname="JsonDocTests" />
    <testcase name="WhenInitializingDocWithObjectThenConvertingDocToJsonExpectStringContainingArrayValue" status="run" time="0" classname="JsonDocTests" />
    <testcase name="WhenInitializingDocWithObjectThenConvertingDocToJsonExpectStringContainingObjectValue" status="run" time="0.001" classname="JsonDocTests" />
    <testcase name="WhenInitializingDocWithObjectThenConvertingDocToJsonExpectStringContainingCommaSeperatingMembers" status="run" time="0" classname="JsonDocTests" />
    <testcase name="WhenInitializingDocWithInvalidStringExpectReturnedObjectToBeEmpty" status="run" time="0" classname="JsonDocTests" />
  </testsuite>
</testsuites>
